<?xml version="1.0" encoding="UTF-8"?>
<testsuite name="petstore.Pet" tests="1" skipped="0" failures="0" errors="0" timestamp="2022-03-09T16:57:05" hostname="EDI-LENE" time="6.178">
  <properties/>
  <testcase name="incluirPet" classname="petstore.Pet" time="6.178"/>
  <system-out><![CDATA[Request method:	POST
Request URI:	https://petstore.swagger.io/v2/pet
Proxy:			<none>
Request params:	<none>
Query params:	<none>
Form params:	<none>
Path params:	<none>
Headers:		Accept=*/*
				Content-Type=application/json
Cookies:		<none>
Multiparts:		<none>
Body:
{
    "id": "0710717",
    "category": {
        "id": 1,
        "name": "dog"
    },
    "name": "Lolipop",
    "photoUrls": [
        "string"
    ],
    "tags": [
        {
            "id": 2022,
            "name": "status"
        }
    ],
    "status": "available"
}
HTTP/1.1 200 OK
Date: Wed, 09 Mar 2022 16:57:09 GMT
Content-Type: application/json
Transfer-Encoding: chunked
Connection: keep-alive
Access-Control-Allow-Origin: *
Access-Control-Allow-Methods: GET, POST, DELETE, PUT
Access-Control-Allow-Headers: Content-Type, api_key, Authorization
Server: Jetty(9.2.9.v20150224)

{
    "id": 710717,
    "category": {
        "id": 1,
        "name": "dog"
    },
    "name": "Lolipop",
    "photoUrls": [
        "string"
    ],
    "tags": [
        {
            "id": 2022,
            "name": "status"
        }
    ],
    "status": "available"
}
]]></system-out>
  <system-err><![CDATA[]]></system-err>
</testsuite>
